File: short/BFS-IIIT/GTX580/F_1650/BFS-IIIT_profile_out.txt
CFI: 0.291    Branch Efficiency: 0.981      Total Ins: 10863298      MAI: 0.007 Kernel: "BFS_kernel_warp"
File: short/BFS-IIIT/GTX780/F_1100/BFS-IIIT_profile_out.txt
CFI: 0.289    Total Ins: 10925812      MAI: 0.000 Kernel: "BFS_kernel_warp"
File: short/BFS-Rodinia/GTX580/F_1650/BFS-Rodinia_profile_out.txt
CFI: 0.102    Branch Efficiency: 0.903      Total Ins:  2004686      MAI: 0.163 Kernel: "Kernel"
CFI: 0.209    Branch Efficiency: 1.000      Total Ins:   448704      MAI: 0.018 Kernel: "Kernel2"
File: short/BFS-Rodinia/GTX780/F_1100/BFS-Rodinia_profile_out.txt
CFI: 0.102    Total Ins:  2004686      MAI: 0.000 Kernel: "Kernel"
CFI: 0.209    Total Ins:   448704      MAI: 0.000 Kernel: "Kernel2"
File: short/BlackScholes/GTX580/F_1650/BlackScholes_profile_out.txt
CFI: 0.105    Branch Efficiency: 1.000      Total Ins: 19023040      MAI: 0.020 Kernel: "BlackScholesGPU"
File: short/BlackScholes/GTX780/F_1100/BlackScholes_profile_out.txt
CFI: 0.115    Total Ins: 19023040      MAI: 0.000 Kernel: "BlackScholesGPU"
File: short/DMRTriangleGraphMorph/GTX580/F_1650/DMRTriangleGraphMorph_profile_out.txt
CFI: 0.079    Branch Efficiency: 0.871      Total Ins:  1601750      MAI: 0.584 Kernel: "dinit"
CFI: 0.270    Branch Efficiency: 0.997      Total Ins: 70237513      MAI: 0.000 Kernel: "dfindneighbors"
CFI: 0.244    Branch Efficiency: 0.955      Total Ins: 12533627      MAI: 0.251 Kernel: "drefine"
CFI: 0.233    Branch Efficiency: 0.755      Total Ins:    68978      MAI: 0.031 Kernel: "dverify"
CFI: 0.282    Branch Efficiency: 0.993      Total Ins:   315005      MAI: 0.079 Kernel: "countbad"
File: short/DMRTriangleGraphMorph/GTX780/F_1100/DMRTriangleGraphMorph_profile_out.txt
CFI: 0.099    Total Ins:  1404712      MAI: 0.000 Kernel: "dinit"
CFI: 0.278    Total Ins: 39885250      MAI: 0.000 Kernel: "dfindneighbors"
CFI: 0.303    Total Ins:  6081947      MAI: 0.001 Kernel: "drefine"
CFI: 0.234    Total Ins:    69053      MAI: 0.000 Kernel: "dverify"
CFI: 0.311    Total Ins:   386661      MAI: 0.000 Kernel: "countbad"
File: short/HeartWallTracking/GTX580/F_1650/HeartWallTracking_profile_out.txt
CFI: 0.075    Branch Efficiency: 0.673      Total Ins: 328890377      MAI: 0.025 Kernel: "kernel"
File: short/HeartWallTracking/GTX780/F_1100/HeartWallTracking_profile_out.txt
CFI: 0.120    Total Ins: 328422727      MAI: 0.000 Kernel: "kernel"
File: short/HotSpot/GTX580/F_1650/HotSpot_profile_out.txt
CFI: 0.101    Branch Efficiency: 0.848      Total Ins: 16880352      MAI: 0.007 Kernel: "calculate_temp"
File: short/HotSpot/GTX780/F_1100/HotSpot_profile_out.txt
CFI: 0.128    Total Ins: 16683744      MAI: 0.000 Kernel: "calculate_temp"
File: short/binomialOptions/GTX580/F_1650/binomialOptions_profile_out.txt
CFI: 0.061    Branch Efficiency: 1.000      Total Ins: 395409920      MAI: 0.003 Kernel: "binomialOptionsKernel"
File: short/binomialOptions/GTX780/F_1100/binomialOptions_profile_out.txt
CFI: 0.176    Total Ins: 395414528      MAI: 0.000 Kernel: "binomialOptionsKernel"
File: short/convolutionFFT2D/GTX580/F_1650/convolutionFFT2D_profile_out.txt
CFI: 0.006    Branch Efficiency: 1.000      Total Ins:  2932736      MAI: 0.000 Kernel: "voidspRadix0064B_kernel1Tex"
CFI: 0.043    Branch Efficiency: 0.979      Total Ins:  2289692      MAI: 0.000 Kernel: "spPreprocess2D_kernel"
CFI: 0.020    Branch Efficiency: 0.970      Total Ins:  3305472      MAI: 0.000 Kernel: "voidspPreprocessC2C_kernelTex"
CFI: 0.089    Branch Efficiency: 1.000      Total Ins:      179      MAI: 0.000 Kernel: "padKernel_kernel"
CFI: 0.006    Branch Efficiency: 1.000      Total Ins:  2727936      MAI: 0.000 Kernel: "voidspRadix0032B_kernel1Tex"
CFI: 0.006    Branch Efficiency: 1.000      Total Ins:  2949120      MAI: 0.000 Kernel: "voidspRadix0064B_kernel1Tex"
CFI: 0.030    Branch Efficiency: 0.970      Total Ins:  2256896      MAI: 0.000 Kernel: "spPostprocess2D_kernel"
CFI: 0.111    Branch Efficiency: 1.000      Total Ins:  1189440      MAI: 0.223 Kernel: "modulateAndNormalize_kernel"
CFI: 0.065    Branch Efficiency: 1.000      Total Ins:  4063232      MAI: 0.000 Kernel: "padDataClampToBorder_kernel"
CFI: 0.006    Branch Efficiency: 1.000      Total Ins:  2727936      MAI: 0.000 Kernel: "voidspRadix0032B_kernel1Tex"
CFI: 0.005    Branch Efficiency: 1.000      Total Ins:  3522560      MAI: 0.000 Kernel: "voidspVector1024D_kernelTex"
CFI: 0.005    Branch Efficiency: 1.000      Total Ins:  3522560      MAI: 0.000 Kernel: "voidspVector1024D_kernelTex"
CFI: 0.040    Branch Efficiency: 1.000      Total Ins:  3309514      MAI: 0.000 Kernel: "spProcess2D_kernel"
CFI: 0.021    Branch Efficiency: 0.970      Total Ins:  3160064      MAI: 0.000 Kernel: "voidspPostprocessC2C_kernelTex"
File: short/convolutionFFT2D/GTX780/F_1100/convolutionFFT2D_profile_out.txt
CFI: 0.046    Total Ins:  2973696      MAI: 0.000 Kernel: "voidspRadix0064B_kernel1Tex"
CFI: 0.057    Total Ins:  2323485      MAI: 0.000 Kernel: "spPreprocess2D_kernel"
CFI: 0.031    Total Ins:  3340288      MAI: 0.000 Kernel: "voidspPreprocessC2C_kernelTex"
CFI: 0.124    Total Ins:      186      MAI: 0.000 Kernel: "padKernel_kernel"
CFI: 0.043    Total Ins:  2727936      MAI: 0.000 Kernel: "voidspRadix0032B_kernel1Tex"
CFI: 0.046    Total Ins:  2957312      MAI: 0.000 Kernel: "voidspRadix0064B_kernel1Tex"
CFI: 0.045    Total Ins:  2291712      MAI: 0.000 Kernel: "spPostprocess2D_kernel"
CFI: 0.111    Total Ins:  1189440      MAI: 0.000 Kernel: "modulateAndNormalize_kernel"
CFI: 0.094    Total Ins:  4194304      MAI: 0.000 Kernel: "padDataClampToBorder_kernel"
CFI: 0.046    Total Ins:  2736128      MAI: 0.000 Kernel: "voidspRadix0032B_kernel1Tex"
CFI: 0.039    Total Ins:  3571712      MAI: 0.000 Kernel: "voidspVector1024D_kernelTex"
CFI: 0.039    Total Ins:  3571712      MAI: 0.000 Kernel: "voidspVector1024D_kernelTex"
CFI: 0.059    Total Ins:  3375054      MAI: 0.000 Kernel: "spProcess2D_kernel"
CFI: 0.041    Total Ins:  3194880      MAI: 0.000 Kernel: "voidspPostprocessC2C_kernelTex"
File: short/fastWalshTransform/GTX580/F_1650/fastWalshTransform_profile_out.txt
CFI: 0.085    Branch Efficiency: 1.000      Total Ins: 17825792      MAI: 0.191 Kernel: "fwtBatch1Kernel"
CFI: 0.026    Branch Efficiency: 1.000      Total Ins:  2555904      MAI: 0.103 Kernel: "fwtBatch2Kernel"
CFI: 0.101    Branch Efficiency: 1.000      Total Ins:  2640896      MAI: 0.211 Kernel: "modulateKernel"
File: short/fastWalshTransform/GTX780/F_1100/fastWalshTransform_profile_out.txt
CFI: 0.123    Total Ins: 17432576      MAI: 0.060 Kernel: "fwtBatch1Kernel"
CFI: 0.027    Total Ins:  2555904      MAI: 0.000 Kernel: "fwtBatch2Kernel"
CFI: 0.144    Total Ins:  2640896      MAI: 0.000 Kernel: "modulateKernel"
File: short/matrixMul/GTX580/F_1650/matrixMul_profile_out.txt
CFI: 0.003    Branch Efficiency: 1.000      Total Ins: 15644400      MAI: 0.000 Kernel: "voidfermiSgemm_v3_kernel_val"
CFI: 0.014    Branch Efficiency: 1.000      Total Ins: 34060800      MAI: 0.023 Kernel: "voidmatrixMul"
File: short/matrixMul/GTX780/F_1100/matrixMul_profile_out.txt
CFI: 0.037    Total Ins: 17094600      MAI: 0.082 Kernel: "voidfermiSgemm_v3_kernel_val"
CFI: 0.037    Total Ins: 33676800      MAI: 0.091 Kernel: "voidmatrixMul"
